<?xml version="1.0" encoding="UTF-8"?>
<testsuite xmlns:xsi="http://www.w3.org/2001/XMLSchema-instance" xsi:noNamespaceSchemaLocation="https://maven.apache.org/surefire/maven-surefire-plugin/xsd/surefire-test-report-3.0.xsd" version="3.0" name="CardapioApi.APi.APiApplicationTests" time="5.622" tests="1" errors="0" skipped="0" failures="0">
  <properties>
[...]
</properties>
  <testcase name="contextLoads" classname="CardapioApi.APi.APiApplicationTests" time="0.464">
    <system-out><![CDATA[01:36:31.603 [main] INFO org.springframework.test.context.support.AnnotationConfigContextLoaderUtils -- Could not detect default configuration classes for test class [CardapioApi.APi.APiApplicationTests]: APiApplicationTests does not declare any static, non-private, non-final, nested classes annotated with @Configuration.
01:36:31.710 [main] INFO org.springframework.boot.test.context.SpringBootTestContextBootstrapper -- Found @SpringBootConfiguration CardapioApi.APi.APiApplication for test class CardapioApi.APi.APiApplicationTests
01:36:31.927 [main] INFO org.springframework.boot.devtools.restart.RestartApplicationListener -- Restart disabled due to context in which it is running

  .   ____          _            __ _ _
 /\\ / ___'_ __ _ _(_)_ __  __ _ \ \ \ \
( ( )\___ | '_ | '_| | '_ \/ _` | \ \ \ \
 \\/  ___)| |_)| | | | | || (_| |  ) ) ) )
  '  |____| .__|_| |_|_| |_\__, | / / / /
 =========|_|==============|___/=/_/_/_/

 :: Spring Boot ::                (v3.3.4)

2024-10-24T01:36:32.197-03:00  INFO 6792 --- [APi] [           main] CardapioApi.APi.APiApplicationTests      : Starting APiApplicationTests using Java 17.0.7 with PID 6792 (started by moodg in C:\Users\moodg\Downloads\Calendario__APi-main\APi)
2024-10-24T01:36:32.199-03:00  INFO 6792 --- [APi] [           main] CardapioApi.APi.APiApplicationTests      : No active profile set, falling back to 1 default profile: "default"
2024-10-24T01:36:32.906-03:00  INFO 6792 --- [APi] [           main] .s.d.r.c.RepositoryConfigurationDelegate : Bootstrapping Spring Data JPA repositories in DEFAULT mode.
2024-10-24T01:36:32.981-03:00  INFO 6792 --- [APi] [           main] .s.d.r.c.RepositoryConfigurationDelegate : Finished Spring Data repository scanning in 65 ms. Found 1 JPA repository interface.
2024-10-24T01:36:33.636-03:00  INFO 6792 --- [APi] [           main] com.zaxxer.hikari.HikariDataSource       : HikariPool-1 - Starting...
2024-10-24T01:36:34.035-03:00  INFO 6792 --- [APi] [           main] com.zaxxer.hikari.pool.HikariPool        : HikariPool-1 - Added connection com.mysql.cj.jdbc.ConnectionImpl@28ee882c
2024-10-24T01:36:34.037-03:00  INFO 6792 --- [APi] [           main] com.zaxxer.hikari.HikariDataSource       : HikariPool-1 - Start completed.
2024-10-24T01:36:34.095-03:00  INFO 6792 --- [APi] [           main] org.flywaydb.core.FlywayExecutor         : Database: jdbc:mysql://localhost:3306/restaurante (MySQL 8.0)
2024-10-24T01:36:34.176-03:00  INFO 6792 --- [APi] [           main] o.f.core.internal.command.DbValidate     : Successfully validated 3 migrations (execution time 00:00.049s)
2024-10-24T01:36:34.195-03:00  INFO 6792 --- [APi] [           main] o.f.core.internal.command.DbMigrate      : Current version of schema `restaurante`: 1
2024-10-24T01:36:34.201-03:00  INFO 6792 --- [APi] [           main] o.f.core.internal.command.DbMigrate      : Schema `restaurante` is up to date. No migration necessary.
2024-10-24T01:36:34.312-03:00  INFO 6792 --- [APi] [           main] o.hibernate.jpa.internal.util.LogHelper  : HHH000204: Processing PersistenceUnitInfo [name: default]
2024-10-24T01:36:34.392-03:00  INFO 6792 --- [APi] [           main] org.hibernate.Version                    : HHH000412: Hibernate ORM core version 6.5.3.Final
2024-10-24T01:36:34.444-03:00  INFO 6792 --- [APi] [           main] o.h.c.internal.RegionFactoryInitiator    : HHH000026: Second-level cache disabled
2024-10-24T01:36:34.845-03:00  INFO 6792 --- [APi] [           main] o.s.o.j.p.SpringPersistenceUnitInfo      : No LoadTimeWeaver setup: ignoring JPA class transformer
2024-10-24T01:36:35.720-03:00  INFO 6792 --- [APi] [           main] o.h.e.t.j.p.i.JtaPlatformInitiator       : HHH000489: No JTA platform available (set 'hibernate.transaction.jta.platform' to enable JTA platform integration)
2024-10-24T01:36:35.723-03:00  INFO 6792 --- [APi] [           main] j.LocalContainerEntityManagerFactoryBean : Initialized JPA EntityManagerFactory for persistence unit 'default'
2024-10-24T01:36:36.143-03:00  WARN 6792 --- [APi] [           main] JpaBaseConfiguration$JpaWebConfiguration : spring.jpa.open-in-view is enabled by default. Therefore, database queries may be performed during view rendering. Explicitly configure spring.jpa.open-in-view to disable this warning
2024-10-24T01:36:36.567-03:00  INFO 6792 --- [APi] [           main] CardapioApi.APi.APiApplicationTests      : Started APiApplicationTests in 4.655 seconds (process running for 5.721)
]]></system-out>
  </testcase>
</testsuite>